<?xml version="1.0" encoding="UTF-8"?>
<!-- Generated by org.testng.reporters.JUnitReportReporter -->
<testsuite skipped="1" hostname="Tagtual" name="scripts.pageLoadTime" tests="1" failures="0" timestamp="19 Dec 2017 13:45:04 GMT" time="0.000" errors="0">
  <testcase name="pageLoad" time="0.000" classname="scripts.pageLoadTime">
    <skipped/>
  </testcase> <!-- pageLoad -->
</testsuite> <!-- scripts.pageLoadTime -->
