<?xml version="1.0" encoding="UTF-8"?>
<!-- Generated by org.testng.reporters.JUnitReportReporter -->
<testsuite skipped="8" hostname="Tagtual" name="scripts.ManageUser" tests="8" failures="0" timestamp="19 Dec 2017 13:45:04 GMT" time="0.000" errors="0">
  <testcase name="AddUser" time="0.000" classname="scripts.ManageUser">
    <skipped/>
  </testcase> <!-- AddUser -->
  <testcase name="EditUSer" time="0.000" classname="scripts.ManageUser">
    <skipped/>
  </testcase> <!-- EditUSer -->
  <testcase name="addBulkUser" time="0.000" classname="scripts.ManageUser">
    <skipped/>
  </testcase> <!-- addBulkUser -->
  <testcase name="addDept" time="0.000" classname="scripts.ManageUser">
    <skipped/>
  </testcase> <!-- addDept -->
  <testcase name="autosearchAdd" time="0.000" classname="scripts.ManageUser">
    <skipped/>
  </testcase> <!-- autosearchAdd -->
  <testcase name="editUser" time="0.000" classname="scripts.ManageUser">
    <skipped/>
  </testcase> <!-- editUser -->
  <testcase name="bulkUploadClientLevel" time="0.000" classname="scripts.ManageUser">
    <skipped/>
  </testcase> <!-- bulkUploadClientLevel -->
  <testcase name="AddUserClientlevel" classname="scripts.ManageUser">
    <skipped/>
  </testcase> <!-- AddUserClientlevel -->
</testsuite> <!-- scripts.ManageUser -->
