<?xml version="1.0" encoding="UTF-8"?>
<!-- Generated by org.testng.reporters.JUnitReportReporter -->
<testsuite skipped="8" hostname="Tagtual" name="scripts.Issues" tests="8" failures="0" timestamp="19 Dec 2017 13:45:04 GMT" time="0.000" errors="0">
  <testcase name="commentIssue" time="0.000" classname="scripts.Issues">
    <skipped/>
  </testcase> <!-- commentIssue -->
  <testcase name="changeDeptUser" time="0.000" classname="scripts.Issues">
    <skipped/>
  </testcase> <!-- changeDeptUser -->
  <testcase name="createIssue" time="0.000" classname="scripts.Issues">
    <skipped/>
  </testcase> <!-- createIssue -->
  <testcase name="shareIssue" time="0.000" classname="scripts.Issues">
    <skipped/>
  </testcase> <!-- shareIssue -->
  <testcase name="createWebIssue" time="0.000" classname="scripts.Issues">
    <skipped/>
  </testcase> <!-- createWebIssue -->
  <testcase name="changeDueDate" time="0.000" classname="scripts.Issues">
    <skipped/>
  </testcase> <!-- changeDueDate -->
  <testcase name="changestatus" time="0.000" classname="scripts.Issues">
    <skipped/>
  </testcase> <!-- changestatus -->
  <testcase name="filterIssue" time="0.000" classname="scripts.Issues">
    <skipped/>
  </testcase> <!-- filterIssue -->
</testsuite> <!-- scripts.Issues -->
