<?xml version="1.0" encoding="UTF-8"?>
<!-- Generated by org.testng.reporters.JUnitReportReporter -->
<testsuite skipped="4" hostname="Tagtual" name="scripts.ManageLocations" tests="4" failures="0" timestamp="19 Dec 2017 13:45:04 GMT" time="0.000" errors="0">
  <testcase name="disablingLocation" time="0.000" classname="scripts.ManageLocations">
    <skipped/>
  </testcase> <!-- disablingLocation -->
  <testcase name="editLocation" time="0.000" classname="scripts.ManageLocations">
    <skipped/>
  </testcase> <!-- editLocation -->
  <testcase name="createLocation" time="0.000" classname="scripts.ManageLocations">
    <skipped/>
  </testcase> <!-- createLocation -->
  <testcase name="bulkLocation" time="0.000" classname="scripts.ManageLocations">
    <skipped/>
  </testcase> <!-- bulkLocation -->
</testsuite> <!-- scripts.ManageLocations -->
