<?xml version="1.0" encoding="UTF-8"?>
<!-- Generated by org.testng.reporters.JUnitReportReporter -->
<testsuite skipped="0" hostname="Tagtual" name="scripts.ReadJsonObject" tests="1" failures="0" timestamp="13 Jul 2017 13:58:06 GMT" time="0.814" errors="0">
  <testcase name="aptTesting" time="0.814" classname="scripts.ReadJsonObject"/>
</testsuite> <!-- scripts.ReadJsonObject -->
